<?xml version="1.0" encoding="UTF-8"?>
<!-- Generated by org.testng.reporters.JUnitXMLReporter -->
<testsuite ignored="6" hostname="DESKTOP-I2ELK2K" failures="0" tests="1" name="Test" time="0.069" errors="0" timestamp="2025-04-06T15:16:48 IST">
  <testcase classname="testng.NewTest" name="three" time="0.02"/>
  <testcase classname="testng.NewTest" name="two" time="0.0">
    <ignored/>
  </testcase> <!-- two -->
  <testcase classname="testng.NewTest" name="five" time="0.0">
    <ignored/>
  </testcase> <!-- five -->
  <testcase classname="testng.NewTest" name="beforeTest" time="0.0">
    <ignored/>
  </testcase> <!-- beforeTest -->
  <testcase classname="testng.NewTest" name="f" time="0.0">
    <ignored/>
  </testcase> <!-- f -->
  <testcase classname="testng.NewTest" name="four" time="0.0">
    <ignored/>
  </testcase> <!-- four -->
  <testcase classname="testng.NewTest" name="one" time="0.0">
    <ignored/>
  </testcase> <!-- one -->
</testsuite> <!-- Test -->
