<?xml version="1.0" encoding="UTF-8"?>
<testng-results ignored="0" total="7" passed="6" failed="1" skipped="0">
  <reporter-output>
  </reporter-output>
  <suite started-at="2025-04-12T20:10:24 IST" name="Default suite" finished-at="2025-04-12T20:10:24 IST" duration-ms="104">
    <groups>
      <group name="Sanity">
        <method signature="NewTest.four()[pri:0, instance:testng.NewTest@35cabb2a]" name="four" class="testng.NewTest"/>
      </group> <!-- Sanity -->
      <group name="Regression">
        <method signature="NewTest.one()[pri:0, instance:testng.NewTest@35cabb2a]" name="one" class="testng.NewTest"/>
        <method signature="NewTest.two()[pri:0, instance:testng.NewTest@35cabb2a]" name="two" class="testng.NewTest"/>
      </group> <!-- Regression -->
      <group name="Somke">
        <method signature="NewTest.three()[pri:0, instance:testng.NewTest@35cabb2a]" name="three" class="testng.NewTest"/>
      </group> <!-- Somke -->
    </groups>
    <test started-at="2025-04-12T20:10:24 IST" name="Default test" finished-at="2025-04-12T20:10:24 IST" duration-ms="104">
      <class name="testng.NewTest">
        <test-method signature="beforeTest(java.lang.String)[pri:0, instance:testng.NewTest@35cabb2a]" started-at="2025-04-12T20:10:24 IST" name="beforeTest" finished-at="2025-04-12T20:10:24 IST" duration-ms="0" status="FAIL">
          <exception class="org.testng.TestNGException">
            <message>
              <![CDATA[
Parameter 'param' is required by @Test on method beforeTest but has not been marked @Optional or defined
in C:\Users\Asus\AppData\Local\Temp\testng-eclipse-1025955297\testng-customsuite.xml]]>
            </message>
            <full-stacktrace>
              <![CDATA[org.testng.TestNGException: 
Parameter 'param' is required by @Test on method beforeTest but has not been marked @Optional or defined
in C:\Users\Asus\AppData\Local\Temp\testng-eclipse-1025955297\testng-customsuite.xml
at org.testng.internal.Parameters.createParams(Parameters.java:270)
at org.testng.internal.Parameters.createParametersForMethod(Parameters.java:358)
at org.testng.internal.Parameters.createParameters(Parameters.java:700)
at org.testng.internal.Parameters.handleParameters(Parameters.java:884)
at org.testng.internal.Parameters.handleParameters(Parameters.java:740)
at org.testng.internal.ParameterHandler.handleParameters(ParameterHandler.java:59)
at org.testng.internal.ParameterHandler.createParameters(ParameterHandler.java:38)
at org.testng.internal.TestInvoker$MethodInvocationAgent.invoke(TestInvoker.java:791)
at org.testng.internal.TestInvoker.invokeTestMethods(TestInvoker.java:146)
at org.testng.internal.TestMethodWorker.invokeTestMethods(TestMethodWorker.java:146)
at org.testng.internal.TestMethodWorker.run(TestMethodWorker.java:128)
at java.base/java.util.ArrayList.forEach(ArrayList.java:1597)
at org.testng.TestRunner.privateRun(TestRunner.java:794)
at org.testng.TestRunner.run(TestRunner.java:596)
at org.testng.SuiteRunner.runTest(SuiteRunner.java:377)
at org.testng.SuiteRunner.runSequentially(SuiteRunner.java:371)
at org.testng.SuiteRunner.privateRun(SuiteRunner.java:332)
at org.testng.SuiteRunner.run(SuiteRunner.java:276)
at org.testng.SuiteRunnerWorker.runSuite(SuiteRunnerWorker.java:53)
at org.testng.SuiteRunnerWorker.run(SuiteRunnerWorker.java:96)
at org.testng.TestNG.runSuitesSequentially(TestNG.java:1212)
at org.testng.TestNG.runSuitesLocally(TestNG.java:1134)
at org.testng.TestNG.runSuites(TestNG.java:1063)
at org.testng.TestNG.run(TestNG.java:1031)
at org.testng.remote.AbstractRemoteTestNG.run(AbstractRemoteTestNG.java:115)
at org.testng.remote.RemoteTestNG.initAndRun(RemoteTestNG.java:293)
at org.testng.remote.RemoteTestNG.main(RemoteTestNG.java:91)
]]>
            </full-stacktrace>
          </exception> <!-- org.testng.TestNGException -->
          <reporter-output>
          </reporter-output>
        </test-method> <!-- beforeTest -->
        <test-method signature="f()[pri:0, instance:testng.NewTest@35cabb2a]" started-at="2025-04-12T20:10:24 IST" name="f" finished-at="2025-04-12T20:10:24 IST" duration-ms="9" status="PASS">
          <reporter-output>
          </reporter-output>
        </test-method> <!-- f -->
        <test-method signature="five()[pri:0, instance:testng.NewTest@35cabb2a]" started-at="2025-04-12T20:10:24 IST" name="five" finished-at="2025-04-12T20:10:24 IST" duration-ms="2" status="PASS">
          <reporter-output>
          </reporter-output>
        </test-method> <!-- five -->
        <test-method signature="four()[pri:0, instance:testng.NewTest@35cabb2a]" started-at="2025-04-12T20:10:24 IST" name="four" finished-at="2025-04-12T20:10:24 IST" duration-ms="2" status="PASS">
          <reporter-output>
          </reporter-output>
        </test-method> <!-- four -->
        <test-method signature="one()[pri:0, instance:testng.NewTest@35cabb2a]" started-at="2025-04-12T20:10:24 IST" name="one" finished-at="2025-04-12T20:10:24 IST" duration-ms="2" status="PASS">
          <reporter-output>
          </reporter-output>
        </test-method> <!-- one -->
        <test-method signature="three()[pri:0, instance:testng.NewTest@35cabb2a]" started-at="2025-04-12T20:10:24 IST" name="three" finished-at="2025-04-12T20:10:24 IST" duration-ms="1" status="PASS">
          <reporter-output>
          </reporter-output>
        </test-method> <!-- three -->
        <test-method signature="two()[pri:0, instance:testng.NewTest@35cabb2a]" started-at="2025-04-12T20:10:24 IST" name="two" finished-at="2025-04-12T20:10:24 IST" duration-ms="2" status="PASS">
          <reporter-output>
          </reporter-output>
        </test-method> <!-- two -->
      </class> <!-- testng.NewTest -->
    </test> <!-- Default test -->
  </suite> <!-- Default suite -->
</testng-results>
